{
 "id": "4188c1a2-efcc-4704-8ca9-d71a677223b7",
 "name": "error",
 "message": "insert into \"accounts\" (\"att_invalid\", \"name\", \"user_id\") values ($1, $2, $3) returning * - column \"att_invalid\" of relation \"accounts\" does not exist",
 "stack": "error: column \"att_invalid\" of relation \"accounts\" does not exist\n    at Connection.parseE (/home/marianacampos/Documents/seu-barriga/node_modules/pg/lib/connection.js:581:48)\n    at Connection.parseMessage (/home/marianacampos/Documents/seu-barriga/node_modules/pg/lib/connection.js:380:19)\n    at Socket.<anonymous> (/home/marianacampos/Documents/seu-barriga/node_modules/pg/lib/connection.js:116:22)\n    at Socket.emit (node:events:514:28)\n    at addChunk (node:internal/streams/readable:376:12)\n    at readableAddChunk (node:internal/streams/readable:349:9)\n    at Readable.push (node:internal/streams/readable:286:10)\n    at TCP.onStreamRead (node:internal/stream_base_commons:190:23)",
 "level": "error",
 "timestamp": "2024-06-10T16:58:12.599Z"
}
{
 "id": "f257aecb-7910-411f-ac8e-56cfc1c58520",
 "name": "error",
 "message": "insert into \"transactions\" (\"acc_id\", \"amount\", \"date\", \"description\", \"status\", \"type\") values ($1, $2, $3, $4, $5, $6) returning * - insert or update on table \"transactions\" violates foreign key constraint \"transactions_acc_id_foreign\"",
 "stack": "error: insert or update on table \"transactions\" violates foreign key constraint \"transactions_acc_id_foreign\"\n    at Connection.Object.<anonymous>.Connection.parseE (/home/marianacampos/Documents/seu-barriga/node_modules/pg/lib/connection.js:581:48)\n    at Connection.Object.<anonymous>.Connection.parseMessage (/home/marianacampos/Documents/seu-barriga/node_modules/pg/lib/connection.js:380:19)\n    at Socket.<anonymous> (/home/marianacampos/Documents/seu-barriga/node_modules/pg/lib/connection.js:116:22)\n    at Socket.emit (node:events:514:28)\n    at addChunk (node:internal/streams/readable:376:12)\n    at readableAddChunk (node:internal/streams/readable:349:9)\n    at Socket.Readable.push (node:internal/streams/readable:286:10)\n    at TCP.onStreamRead (node:internal/stream_base_commons:190:23)",
 "level": "error",
 "timestamp": "2024-06-14T17:41:25.225Z"
}
{
 "id": "5d85c7db-d3ce-4126-b7a5-c8b3721950f5",
 "name": "error",
 "message": "insert into \"transactions\" (\"acc_id\", \"amount\", \"date\", \"description\", \"status\", \"type\") values ($1, $2, $3, $4, $5, $6) returning * - insert or update on table \"transactions\" violates foreign key constraint \"transactions_acc_id_foreign\"",
 "stack": "error: insert or update on table \"transactions\" violates foreign key constraint \"transactions_acc_id_foreign\"\n    at Connection.Object.<anonymous>.Connection.parseE (/home/marianacampos/Documents/seu-barriga/node_modules/pg/lib/connection.js:581:48)\n    at Connection.Object.<anonymous>.Connection.parseMessage (/home/marianacampos/Documents/seu-barriga/node_modules/pg/lib/connection.js:380:19)\n    at Socket.<anonymous> (/home/marianacampos/Documents/seu-barriga/node_modules/pg/lib/connection.js:116:22)\n    at Socket.emit (node:events:514:28)\n    at addChunk (node:internal/streams/readable:376:12)\n    at readableAddChunk (node:internal/streams/readable:349:9)\n    at Socket.Readable.push (node:internal/streams/readable:286:10)\n    at TCP.onStreamRead (node:internal/stream_base_commons:190:23)",
 "level": "error",
 "timestamp": "2024-06-14T17:41:25.237Z"
}
{
 "id": "2df24f0a-7d28-4a57-8db0-f6e3e922ff07",
 "name": "error",
 "message": "insert into \"transfers\" (\"acc_dest_id\", \"acc_ori_id\", \"amount\", \"date\", \"description\", \"user_id\") values ($1, $2, $3, $4, $5, $6) returning * - insert or update on table \"transfers\" violates foreign key constraint \"transfers_acc_ori_id_foreign\"",
 "stack": "error: insert or update on table \"transfers\" violates foreign key constraint \"transfers_acc_ori_id_foreign\"\n    at Connection.Object.<anonymous>.Connection.parseE (/home/marianacampos/Documents/seu-barriga/node_modules/pg/lib/connection.js:581:48)\n    at Connection.Object.<anonymous>.Connection.parseMessage (/home/marianacampos/Documents/seu-barriga/node_modules/pg/lib/connection.js:380:19)\n    at Socket.<anonymous> (/home/marianacampos/Documents/seu-barriga/node_modules/pg/lib/connection.js:116:22)\n    at Socket.emit (node:events:514:28)\n    at addChunk (node:internal/streams/readable:376:12)\n    at readableAddChunk (node:internal/streams/readable:349:9)\n    at Socket.Readable.push (node:internal/streams/readable:286:10)\n    at TCP.onStreamRead (node:internal/stream_base_commons:190:23)",
 "level": "error",
 "timestamp": "2024-06-14T17:44:17.002Z"
}
